<?xml version="1.0" encoding="UTF-8"?>
<!-- Generated by org.testng.reporters.JUnitXMLReporter -->
<testsuite ignored="0" hostname="DESKTOP-6OC5O3O" failures="0" tests="3" name="Surefire test" time="45.292" errors="0" timestamp="2025-09-04T18:47:29 IST">
  <testcase classname="Com.Selenium.DataProviderTestNG" name="lunchBrowser" time="42.922"/>
  <testcase classname="Com.Selenium.DataProviderTestNG" name="signInData" time="1.571"/>
  <testcase classname="Com.Selenium.DataProviderTestNG" name="signInData" time="0.714"/>
</testsuite> <!-- Surefire test -->
